[debug] [2020-05-28T07:10:44.863Z] ----------------------------------------------------------------------
[debug] [2020-05-28T07:10:44.865Z] Command:       C:\Program Files\nodejs\node.exe C:\Users\Rendani Mulaudzi\AppData\Roaming\npm\node_modules\firebase-tools\lib\bin\firebase.js init
[debug] [2020-05-28T07:10:44.865Z] CLI Version:   8.0.3
[debug] [2020-05-28T07:10:44.865Z] Platform:      win32
[debug] [2020-05-28T07:10:44.866Z] Node Version:  v10.16.0
[debug] [2020-05-28T07:10:44.867Z] Time:          Thu May 28 2020 09:10:44 GMT+0200 (South Africa Standard Time)
[debug] [2020-05-28T07:10:44.867Z] ----------------------------------------------------------------------
[debug] [2020-05-28T07:10:44.867Z] 
[debug] [2020-05-28T07:10:44.878Z] > command requires scopes: ["email","openid","https://www.googleapis.com/auth/cloudplatformprojects.readonly","https://www.googleapis.com/auth/firebase","https://www.googleapis.com/auth/cloud-platform"]
[debug] [2020-05-28T07:10:44.879Z] > authorizing via signed-in user
[info] 
     ######## #### ########  ######## ########     ###     ######  ########
     ##        ##  ##     ## ##       ##     ##  ##   ##  ##       ##
     ######    ##  ########  ######   ########  #########  ######  ######
     ##        ##  ##    ##  ##       ##     ## ##     ##       ## ##
     ##       #### ##     ## ######## ########  ##     ##  ######  ########

You're about to initialize a Firebase project in this directory:

  C:\Users\Rendani Mulaudzi\Documents\Lebone Media\Netha 2\netha

[info] 
=== Project Setup
[info] 
[info] First, let's associate this project directory with a Firebase project.
[info] You can create multiple project aliases by running firebase use --add, 
[info] but for now we'll just set up a default project.
[info] 
[info] i  If you want to create a project in a Google Cloud organization or folder, please use "firebase projects:create" instead, and return to this command when you've created the project.
[debug] [2020-05-28T07:11:46.506Z] > refreshing access token with scopes: ["email","https://www.googleapis.com/auth/cloud-platform","https://www.googleapis.com/auth/cloudplatformprojects.readonly","https://www.googleapis.com/auth/firebase","openid"]
[debug] [2020-05-28T07:11:46.507Z] >>> HTTP REQUEST POST https://www.googleapis.com/oauth2/v3/token  
 <request body omitted>
[debug] [2020-05-28T07:11:46.926Z] <<< HTTP RESPONSE 200 {"content-type":"application/json; charset=utf-8","vary":"X-Origin, Referer, Origin,Accept-Encoding","date":"Thu, 28 May 2020 07:11:47 GMT","server":"scaffolding on HTTPServer2","cache-control":"private","x-xss-protection":"0","x-frame-options":"SAMEORIGIN","x-content-type-options":"nosniff","alt-svc":"h3-27=\":443\"; ma=2592000,h3-25=\":443\"; ma=2592000,h3-T050=\":443\"; ma=2592000,h3-Q050=\":443\"; ma=2592000,h3-Q049=\":443\"; ma=2592000,h3-Q048=\":443\"; ma=2592000,h3-Q046=\":443\"; ma=2592000,h3-Q043=\":443\"; ma=2592000,quic=\":443\"; ma=2592000; v=\"46,43\"","accept-ranges":"none","transfer-encoding":"chunked"}
[debug] [2020-05-28T07:11:46.931Z] >>> HTTP REQUEST POST https://cloudresourcemanager.googleapis.com/v1/projects  
 {"projectId":"netha","name":"netha"}
[debug] [2020-05-28T07:11:49.102Z] <<< HTTP RESPONSE 400 {"vary":"X-Origin, Referer, Origin,Accept-Encoding","content-type":"application/json; charset=UTF-8","date":"Thu, 28 May 2020 07:11:49 GMT","server":"ESF","cache-control":"private","x-xss-protection":"0","x-frame-options":"SAMEORIGIN","x-content-type-options":"nosniff","server-timing":"gfet4t7; dur=1516","alt-svc":"h3-27=\":443\"; ma=2592000,h3-25=\":443\"; ma=2592000,h3-T050=\":443\"; ma=2592000,h3-Q050=\":443\"; ma=2592000,h3-Q049=\":443\"; ma=2592000,h3-Q048=\":443\"; ma=2592000,h3-Q046=\":443\"; ma=2592000,h3-Q043=\":443\"; ma=2592000,quic=\":443\"; ma=2592000; v=\"46,43\"","accept-ranges":"none","transfer-encoding":"chunked"}
[debug] [2020-05-28T07:11:49.103Z] <<< HTTP RESPONSE BODY {"error":{"code":400,"message":"field [project_id] has issue [project_id must be at least 6 characters long]","status":"INVALID_ARGUMENT","details":[{"@type":"type.googleapis.com/google.rpc.BadRequest","fieldViolations":[{"field":"project_id","description":"project_id must be at least 6 characters long"}]},{"@type":"type.googleapis.com/google.rpc.Help","links":[{"url":"https://cloud.google.com/resource-manager/reference/rest/v1/projects"}]}]}}
[debug] [2020-05-28T07:11:49.104Z] HTTP Error: 400, field [project_id] has issue [project_id must be at least 6 characters long]
[debug] [2020-05-28T07:11:49.722Z] FirebaseError: HTTP Error: 400, field [project_id] has issue [project_id must be at least 6 characters long]
    at module.exports (C:\Users\Rendani Mulaudzi\AppData\Roaming\npm\node_modules\firebase-tools\lib\responseToError.js:38:12)
    at Request._callback (C:\Users\Rendani Mulaudzi\AppData\Roaming\npm\node_modules\firebase-tools\lib\api.js:41:35)
    at Request.self.callback (C:\Users\Rendani Mulaudzi\AppData\Roaming\npm\node_modules\firebase-tools\node_modules\request\request.js:185:22)
    at Request.emit (events.js:198:13)
    at Request.EventEmitter.emit (domain.js:448:20)
    at Request.<anonymous> (C:\Users\Rendani Mulaudzi\AppData\Roaming\npm\node_modules\firebase-tools\node_modules\request\request.js:1154:10)
    at Request.emit (events.js:198:13)
    at Request.EventEmitter.emit (domain.js:448:20)
    at IncomingMessage.<anonymous> (C:\Users\Rendani Mulaudzi\AppData\Roaming\npm\node_modules\firebase-tools\node_modules\request\request.js:1076:12)
    at Object.onceWrapper (events.js:286:20)
    at IncomingMessage.emit (events.js:203:15)
    at IncomingMessage.EventEmitter.emit (domain.js:448:20)
    at endReadableNT (_stream_readable.js:1129:12)
    at process._tickCallback (internal/process/next_tick.js:63:19)
[error] 
[error] Error: Failed to create Google Cloud project. See firebase-debug.log for more info.
[debug] [2020-05-28T07:13:24.912Z] ----------------------------------------------------------------------
[debug] [2020-05-28T07:13:24.914Z] Command:       C:\Program Files\nodejs\node.exe C:\Users\Rendani Mulaudzi\AppData\Roaming\npm\node_modules\firebase-tools\lib\bin\firebase.js init
[debug] [2020-05-28T07:13:24.914Z] CLI Version:   8.0.3
[debug] [2020-05-28T07:13:24.914Z] Platform:      win32
[debug] [2020-05-28T07:13:24.914Z] Node Version:  v10.16.0
[debug] [2020-05-28T07:13:24.915Z] Time:          Thu May 28 2020 09:13:24 GMT+0200 (South Africa Standard Time)
[debug] [2020-05-28T07:13:24.915Z] ----------------------------------------------------------------------
[debug] [2020-05-28T07:13:24.915Z] 
[debug] [2020-05-28T07:13:24.922Z] > command requires scopes: ["email","openid","https://www.googleapis.com/auth/cloudplatformprojects.readonly","https://www.googleapis.com/auth/firebase","https://www.googleapis.com/auth/cloud-platform"]
[debug] [2020-05-28T07:13:24.923Z] > authorizing via signed-in user
[info] 
     ######## #### ########  ######## ########     ###     ######  ########
     ##        ##  ##     ## ##       ##     ##  ##   ##  ##       ##
     ######    ##  ########  ######   ########  #########  ######  ######
     ##        ##  ##    ##  ##       ##     ## ##     ##       ## ##
     ##       #### ##     ## ######## ########  ##     ##  ######  ########

You're about to initialize a Firebase project in this directory:

  C:\Users\Rendani Mulaudzi\Documents\Lebone Media\Netha 2\netha

[info] 
=== Project Setup
[info] 
[info] First, let's associate this project directory with a Firebase project.
[info] You can create multiple project aliases by running firebase use --add, 
[info] but for now we'll just set up a default project.
[info] 
[debug] [2020-05-28T07:13:31.524Z] >>> HTTP REQUEST GET https://firebase.googleapis.com/v1beta1/projects?pageSize=100  
 
[debug] [2020-05-28T07:13:32.640Z] <<< HTTP RESPONSE 200 {"content-type":"application/json; charset=UTF-8","vary":"X-Origin, Referer, Origin,Accept-Encoding","date":"Thu, 28 May 2020 07:13:32 GMT","server":"ESF","cache-control":"private","x-xss-protection":"0","x-frame-options":"SAMEORIGIN","x-content-type-options":"nosniff","alt-svc":"h3-27=\":443\"; ma=2592000,h3-25=\":443\"; ma=2592000,h3-T050=\":443\"; ma=2592000,h3-Q050=\":443\"; ma=2592000,h3-Q049=\":443\"; ma=2592000,h3-Q048=\":443\"; ma=2592000,h3-Q046=\":443\"; ma=2592000,h3-Q043=\":443\"; ma=2592000,quic=\":443\"; ma=2592000; v=\"46,43\"","accept-ranges":"none","transfer-encoding":"chunked"}
[info] i  Using project netha-909f2 (Netha)
[info] 
=== Hosting Setup
[info] 
[info] Your public directory is the folder (relative to your project directory) that
[info] will contain Hosting assets to be uploaded with firebase deploy. If you
[info] have a build process for your assets, use your build's output directory.
[info] 
[debug] [2020-05-28T07:13:52.629Z] Error: ENOENT: no such file or directory, open 'C:\Users\Rendani Mulaudzi\Documents\Lebone Media\Netha 2\netha\index.html\404.html'
    at Object.openSync (fs.js:443:3)
    at Object.writeFileSync (fs.js:1194:35)
    at Object.createFileSync (C:\Users\Rendani Mulaudzi\AppData\Roaming\npm\node_modules\firebase-tools\node_modules\fs-extra\lib\ensure\file.js:34:6)
    at Config.writeProjectFile (C:\Users\Rendani Mulaudzi\AppData\Roaming\npm\node_modules\firebase-tools\lib\config.js:154:8)
    at C:\Users\Rendani Mulaudzi\AppData\Roaming\npm\node_modules\firebase-tools\lib\config.js:173:18
    at process._tickCallback (internal/process/next_tick.js:68:7)
[error] 
[error] Error: An unexpected error has occurred.
[debug] [2020-05-28T07:13:58.961Z] ----------------------------------------------------------------------
[debug] [2020-05-28T07:13:58.963Z] Command:       C:\Program Files\nodejs\node.exe C:\Users\Rendani Mulaudzi\AppData\Roaming\npm\node_modules\firebase-tools\lib\bin\firebase.js init
[debug] [2020-05-28T07:13:58.963Z] CLI Version:   8.0.3
[debug] [2020-05-28T07:13:58.963Z] Platform:      win32
[debug] [2020-05-28T07:13:58.963Z] Node Version:  v10.16.0
[debug] [2020-05-28T07:13:58.964Z] Time:          Thu May 28 2020 09:13:58 GMT+0200 (South Africa Standard Time)
[debug] [2020-05-28T07:13:58.964Z] ----------------------------------------------------------------------
[debug] [2020-05-28T07:13:58.964Z] 
[debug] [2020-05-28T07:13:58.971Z] > command requires scopes: ["email","openid","https://www.googleapis.com/auth/cloudplatformprojects.readonly","https://www.googleapis.com/auth/firebase","https://www.googleapis.com/auth/cloud-platform"]
[debug] [2020-05-28T07:13:58.971Z] > authorizing via signed-in user
[info] 
     ######## #### ########  ######## ########     ###     ######  ########
     ##        ##  ##     ## ##       ##     ##  ##   ##  ##       ##
     ######    ##  ########  ######   ########  #########  ######  ######
     ##        ##  ##    ##  ##       ##     ## ##     ##       ## ##
     ##       #### ##     ## ######## ########  ##     ##  ######  ########

You're about to initialize a Firebase project in this directory:

  C:\Users\Rendani Mulaudzi\Documents\Lebone Media\Netha 2\netha

[info] 
=== Project Setup
[info] 
[info] First, let's associate this project directory with a Firebase project.
[info] You can create multiple project aliases by running firebase use --add, 
[info] but for now we'll just set up a default project.
[info] 
